<?xml version="1.0" encoding="UTF-8"?><testsuite errors="0" failures="1" name="iniciar sesion en la aplicacion  DemoBlaze" skipped="0" tests="1" time="8.84" timestamp="2022-10-31 06:33:22"><testcase name="Login exitoso"><failure message="&#10;Expected: is &lt;true&gt;&#10;     but: was &lt;false&gt;" type="java.lang.AssertionError">
Expected: is &lt;true&gt;
     but: was &lt;false&gt;</failure><system-err>
Expected: is &lt;true&gt;
     but: was &lt;false&gt;&#13;
co.com.tuya.stepdefinitions.InicioSesionStepDefinitions.yoIngresoConExito(InicioSesionStepDefinitions.java:45)&#13;
✽.Yo ingreso con exito(src/test/resources/features/iniciosesion.feature:12)&#13;
</system-err></testcase></testsuite>